You have triggered an unhandledRejection, you may have forgotten to catch a Promise rejection:
TypeError: Missing parameter name at index 1: *; visit https://git.new/pathToRegexpError for info
    at name (/home/sanjar/projects/CodeSchool2.0/node_modules/path-to-regexp/dist/index.js:96:19)
    at parse (/home/sanjar/projects/CodeSchool2.0/node_modules/path-to-regexp/dist/index.js:113:68)
    at pathToRegexp (/home/sanjar/projects/CodeSchool2.0/node_modules/path-to-regexp/dist/index.js:267:58)
    at Object.match (/home/sanjar/projects/CodeSchool2.0/node_modules/path-to-regexp/dist/index.js:237:30)
    at matcher (/home/sanjar/projects/CodeSchool2.0/node_modules/router/lib/layer.js:86:23)
    at new Layer (/home/sanjar/projects/CodeSchool2.0/node_modules/router/lib/layer.js:93:62)
    at Function.route (/home/sanjar/projects/CodeSchool2.0/node_modules/router/index.js:428:17)
    at Function.route (/home/sanjar/projects/CodeSchool2.0/node_modules/express/lib/application.js:257:22)
    at app.<computed> [as get] (/home/sanjar/projects/CodeSchool2.0/node_modules/express/lib/application.js:478:22)
    at file:///home/sanjar/projects/CodeSchool2.0/server.js:62:5
You have triggered an unhandledRejection, you may have forgotten to catch a Promise rejection:
TypeError: Missing parameter name at index 1: *; visit https://git.new/pathToRegexpError for info
    at name (/home/sanjar/projects/CodeSchool2.0/node_modules/path-to-regexp/dist/index.js:96:19)
    at parse (/home/sanjar/projects/CodeSchool2.0/node_modules/path-to-regexp/dist/index.js:113:68)
    at pathToRegexp (/home/sanjar/projects/CodeSchool2.0/node_modules/path-to-regexp/dist/index.js:267:58)
    at Object.match (/home/sanjar/projects/CodeSchool2.0/node_modules/path-to-regexp/dist/index.js:237:30)
    at matcher (/home/sanjar/projects/CodeSchool2.0/node_modules/router/lib/layer.js:86:23)
    at new Layer (/home/sanjar/projects/CodeSchool2.0/node_modules/router/lib/layer.js:93:62)
    at Function.use (/home/sanjar/projects/CodeSchool2.0/node_modules/router/index.js:398:19)
    at Function.<anonymous> (/home/sanjar/projects/CodeSchool2.0/node_modules/express/lib/application.js:222:21)
    at Array.forEach (<anonymous>)
    at Function.use (/home/sanjar/projects/CodeSchool2.0/node_modules/express/lib/application.js:219:7)
